~/gold-investment-backend$ python -m pytest tests/test_blockchain_service.py -v --asyncio-mode=auto
================================================= test session starts ==================================================
platform linux -- Python 3.11.10, pytest-7.4.3, pluggy-1.5.0 -- /home/runner/gold-investment-backend/.pythonlibs/bin/python
cachedir: .pytest_cache
rootdir: /home/runner/gold-investment-backend
configfile: pyproject.toml
plugins: mock-3.14.0, asyncio-0.21.1, web3-6.11.3
asyncio: mode=Mode.AUTO
collected 3 items                                                                                                      

tests/test_blockchain_service.py::test_batch_transform ERROR                                                     [ 33%]
tests/test_blockchain_service.py::test_noble_rank_update ERROR                                                   [ 66%]
tests/test_blockchain_service.py::test_gas_optimization ERROR                                                    [100%]

======================================================== ERRORS ========================================================
________________________________________ ERROR at setup of test_batch_transform ________________________________________
tests/test_blockchain_service.py:9: in blockchain_service
    from eth_tester import EthereumTester, PyEVMBackend
.pythonlibs/lib/python3.11/site-packages/eth_tester/__init__.py:5: in <module>
    from .backends import (
.pythonlibs/lib/python3.11/site-packages/eth_tester/backends/__init__.py:10: in <module>
    from .mock import (
.pythonlibs/lib/python3.11/site-packages/eth_tester/backends/mock/__init__.py:1: in <module>
    from .main import (
.pythonlibs/lib/python3.11/site-packages/eth_tester/backends/mock/main.py:35: in <module>
    from ..pyevm.main import (
.pythonlibs/lib/python3.11/site-packages/eth_tester/backends/pyevm/__init__.py:1: in <module>
    from .main import (
.pythonlibs/lib/python3.11/site-packages/eth_tester/backends/pyevm/main.py:19: in <module>
    from eth_account.typed_transactions import (
E   ModuleNotFoundError: No module named 'eth_account.typed_transactions'
_______________________________________ ERROR at setup of test_noble_rank_update _______________________________________
tests/test_blockchain_service.py:9: in blockchain_service
    from eth_tester import EthereumTester, PyEVMBackend
.pythonlibs/lib/python3.11/site-packages/eth_tester/__init__.py:5: in <module>
    from .backends import (
.pythonlibs/lib/python3.11/site-packages/eth_tester/backends/__init__.py:10: in <module>
    from .mock import (
.pythonlibs/lib/python3.11/site-packages/eth_tester/backends/mock/__init__.py:1: in <module>
    from .main import (
.pythonlibs/lib/python3.11/site-packages/eth_tester/backends/mock/main.py:35: in <module>
    from ..pyevm.main import (
.pythonlibs/lib/python3.11/site-packages/eth_tester/backends/pyevm/__init__.py:1: in <module>
    from .main import (
.pythonlibs/lib/python3.11/site-packages/eth_tester/backends/pyevm/main.py:19: in <module>
    from eth_account.typed_transactions import (
E   ModuleNotFoundError: No module named 'eth_account.typed_transactions'
_______________________________________ ERROR at setup of test_gas_optimization ________________________________________
tests/test_blockchain_service.py:9: in blockchain_service
    from eth_tester import EthereumTester, PyEVMBackend
.pythonlibs/lib/python3.11/site-packages/eth_tester/__init__.py:5: in <module>
    from .backends import (
.pythonlibs/lib/python3.11/site-packages/eth_tester/backends/__init__.py:10: in <module>
    from .mock import (
.pythonlibs/lib/python3.11/site-packages/eth_tester/backends/mock/__init__.py:1: in <module>
    from .main import (
.pythonlibs/lib/python3.11/site-packages/eth_tester/backends/mock/main.py:35: in <module>
    from ..pyevm.main import (
.pythonlibs/lib/python3.11/site-packages/eth_tester/backends/pyevm/__init__.py:1: in <module>
    from .main import (
.pythonlibs/lib/python3.11/site-packages/eth_tester/backends/pyevm/main.py:19: in <module>
    from eth_account.typed_transactions import (
E   ModuleNotFoundError: No module named 'eth_account.typed_transactions'
=============================================== short test summary info ================================================
ERROR tests/test_blockchain_service.py::test_batch_transform - ModuleNotFoundError: No module named 'eth_account.typed_transactions'
ERROR tests/test_blockchain_service.py::test_noble_rank_update - ModuleNotFoundError: No module named 'eth_account.typed_transactions'
ERROR tests/test_blockchain_service.py::test_gas_optimization - ModuleNotFoundError: No module named 'eth_account.typed_transactions'
================================================== 3 errors in 0.18s ===================================================
~/gold-investment-backend$