~/workspace$ export PYTHONPATH=$PYTHONPATH:$(pwd)
pytest tests/unit/test_blockchain_monitor.py
==================================== test session starts ====================================
platform linux -- Python 3.11.10, pytest-8.1.1, pluggy-1.4.0
rootdir: /home/runner/workspace/tests
configfile: pytest.ini
plugins: asyncio-0.23.6, mock-3.14.0, cov-4.1.0, web3-6.11.3
asyncio: mode=Mode.AUTO
collected 10 items                                                                          

tests/unit/test_blockchain_monitor.py F.FF.FFFFF                                      [100%]

========================================= FAILURES ==========================================
___________________________________ test_basic_monitoring ___________________________________

blockchain_monitor = <app.utils.blockchain_monitor.BlockchainMonitor object at 0x7f9db6996c90>

    @pytest.mark.asyncio
    async def test_basic_monitoring(blockchain_monitor):
        """Test basic blockchain monitoring functionality"""
>       with patch('web3.Web3.eth.get_block') as mock_get_block:

tests/unit/test_blockchain_monitor.py:20: 
_ _ _ _ _ _ _ _ _ _ _ _ _ _ _ _ _ _ _ _ _ _ _ _ _ _ _ _ _ _ _ _ _ _ _ _ _ _ _ _ _ _ _ _ _ _ _
/nix/store/clx0mcir7qw8zk36zbr4jra789g3knf6-python3-3.11.10/lib/python3.11/unittest/mock.py:1430: in __enter__
    self.target = self.getter()
_ _ _ _ _ _ _ _ _ _ _ _ _ _ _ _ _ _ _ _ _ _ _ _ _ _ _ _ _ _ _ _ _ _ _ _ _ _ _ _ _ _ _ _ _ _ _

name = 'web3.Web3.eth'

    def resolve_name(name):
        """
        Resolve a name to an object.
    
        It is expected that `name` will be a string in one of the following
        formats, where W is shorthand for a valid Python identifier and dot stands
        for a literal period in these pseudo-regexes:
    
        W(.W)*
        W(.W)*:(W(.W)*)?
    
        The first form is intended for backward compatibility only. It assumes that
        some part of the dotted name is a package, and the rest is an object
        somewhere within that package, possibly nested inside other objects.
        Because the place where the package stops and the object hierarchy starts
        can't be inferred by inspection, repeated attempts to import must be done
        with this form.
    
        In the second form, the caller makes the division point clear through the
        provision of a single colon: the dotted name to the left of the colon is a
        package to be imported, and the dotted name to the right is the object
        hierarchy within that package. Only one import is needed in this form. If
        it ends with the colon, then a module object is returned.
    
        The function will return an object (which might be a module), or raise one
        of the following exceptions:
    
        ValueError - if `name` isn't in a recognised format
        ImportError - if an import failed when it shouldn't have
        AttributeError - if a failure occurred when traversing the object hierarchy
                         within the imported package to get to the desired object.
        """
        global _NAME_PATTERN
        if _NAME_PATTERN is None:
            # Lazy import to speedup Python startup time
            import re
            dotted_words = r'(?!\d)(\w+)(\.(?!\d)(\w+))*'
            _NAME_PATTERN = re.compile(f'^(?P<pkg>{dotted_words})'
                                       f'(?P<cln>:(?P<obj>{dotted_words})?)?$',
                                       re.UNICODE)
    
        m = _NAME_PATTERN.match(name)
        if not m:
            raise ValueError(f'invalid format: {name!r}')
        gd = m.groupdict()
        if gd.get('cln'):
            # there is a colon - a one-step import is all that's needed
            mod = importlib.import_module(gd['pkg'])
            parts = gd.get('obj')
            parts = parts.split('.') if parts else []
        else:
            # no colon - have to iterate to find the package boundary
            parts = name.split('.')
            modname = parts.pop(0)
            # first part *must* be a module/package.
            mod = importlib.import_module(modname)
            while parts:
                p = parts[0]
                s = f'{modname}.{p}'
                try:
                    mod = importlib.import_module(s)
                    parts.pop(0)
                    modname = s
                except ImportError:
                    break
        # if we reach this point, mod is the module, already imported, and
        # parts is the list of parts in the object hierarchy to be traversed, or
        # an empty list if just the module is wanted.
        result = mod
        for p in parts:
>           result = getattr(result, p)
E           AttributeError: type object 'Web3' has no attribute 'eth'

/nix/store/clx0mcir7qw8zk36zbr4jra789g3knf6-python3-3.11.10/lib/python3.11/pkgutil.py:715: AttributeError
_________________________________ test_network_interruption _________________________________

web3_mock = <Mock id='140315349873808'>

    @pytest.mark.asyncio
    async def test_network_interruption(web3_mock):
        """Test behavior during network interruption"""
        monitor = BlockchainMonitor(web3_mock)
>       with patch('web3.Web3.eth.get_block') as mock_block:

tests/unit/test_blockchain_monitor.py:41: 
_ _ _ _ _ _ _ _ _ _ _ _ _ _ _ _ _ _ _ _ _ _ _ _ _ _ _ _ _ _ _ _ _ _ _ _ _ _ _ _ _ _ _ _ _ _ _
/nix/store/clx0mcir7qw8zk36zbr4jra789g3knf6-python3-3.11.10/lib/python3.11/unittest/mock.py:1430: in __enter__
    self.target = self.getter()
_ _ _ _ _ _ _ _ _ _ _ _ _ _ _ _ _ _ _ _ _ _ _ _ _ _ _ _ _ _ _ _ _ _ _ _ _ _ _ _ _ _ _ _ _ _ _

name = 'web3.Web3.eth'

    def resolve_name(name):
        """
        Resolve a name to an object.
    
        It is expected that `name` will be a string in one of the following
        formats, where W is shorthand for a valid Python identifier and dot stands
        for a literal period in these pseudo-regexes:
    
        W(.W)*
        W(.W)*:(W(.W)*)?
    
        The first form is intended for backward compatibility only. It assumes that
        some part of the dotted name is a package, and the rest is an object
        somewhere within that package, possibly nested inside other objects.
        Because the place where the package stops and the object hierarchy starts
        can't be inferred by inspection, repeated attempts to import must be done
        with this form.
    
        In the second form, the caller makes the division point clear through the
        provision of a single colon: the dotted name to the left of the colon is a
        package to be imported, and the dotted name to the right is the object
        hierarchy within that package. Only one import is needed in this form. If
        it ends with the colon, then a module object is returned.
    
        The function will return an object (which might be a module), or raise one
        of the following exceptions:
    
        ValueError - if `name` isn't in a recognised format
        ImportError - if an import failed when it shouldn't have
        AttributeError - if a failure occurred when traversing the object hierarchy
                         within the imported package to get to the desired object.
        """
        global _NAME_PATTERN
        if _NAME_PATTERN is None:
            # Lazy import to speedup Python startup time
            import re
            dotted_words = r'(?!\d)(\w+)(\.(?!\d)(\w+))*'
            _NAME_PATTERN = re.compile(f'^(?P<pkg>{dotted_words})'
                                       f'(?P<cln>:(?P<obj>{dotted_words})?)?$',
                                       re.UNICODE)
    
        m = _NAME_PATTERN.match(name)
        if not m:
            raise ValueError(f'invalid format: {name!r}')
        gd = m.groupdict()
        if gd.get('cln'):
            # there is a colon - a one-step import is all that's needed
            mod = importlib.import_module(gd['pkg'])
            parts = gd.get('obj')
            parts = parts.split('.') if parts else []
        else:
            # no colon - have to iterate to find the package boundary
            parts = name.split('.')
            modname = parts.pop(0)
            # first part *must* be a module/package.
            mod = importlib.import_module(modname)
            while parts:
                p = parts[0]
                s = f'{modname}.{p}'
                try:
                    mod = importlib.import_module(s)
                    parts.pop(0)
                    modname = s
                except ImportError:
                    break
        # if we reach this point, mod is the module, already imported, and
        # parts is the list of parts in the object hierarchy to be traversed, or
        # an empty list if just the module is wanted.
        result = mod
        for p in parts:
>           result = getattr(result, p)
E           AttributeError: type object 'Web3' has no attribute 'eth'

/nix/store/clx0mcir7qw8zk36zbr4jra789g3knf6-python3-3.11.10/lib/python3.11/pkgutil.py:715: AttributeError
_________________________________ test_invalid_transaction __________________________________

web3_mock = <Mock id='140315351626768'>

    @pytest.mark.asyncio
    async def test_invalid_transaction(web3_mock):
        """Test handling of invalid transaction"""
        monitor = BlockchainMonitor(web3_mock)
>       with patch('web3.Web3.eth.get_transaction') as mock_tx:

tests/unit/test_blockchain_monitor.py:51: 
_ _ _ _ _ _ _ _ _ _ _ _ _ _ _ _ _ _ _ _ _ _ _ _ _ _ _ _ _ _ _ _ _ _ _ _ _ _ _ _ _ _ _ _ _ _ _
/nix/store/clx0mcir7qw8zk36zbr4jra789g3knf6-python3-3.11.10/lib/python3.11/unittest/mock.py:1430: in __enter__
    self.target = self.getter()
_ _ _ _ _ _ _ _ _ _ _ _ _ _ _ _ _ _ _ _ _ _ _ _ _ _ _ _ _ _ _ _ _ _ _ _ _ _ _ _ _ _ _ _ _ _ _

name = 'web3.Web3.eth'

    def resolve_name(name):
        """
        Resolve a name to an object.
    
        It is expected that `name` will be a string in one of the following
        formats, where W is shorthand for a valid Python identifier and dot stands
        for a literal period in these pseudo-regexes:
    
        W(.W)*
        W(.W)*:(W(.W)*)?
    
        The first form is intended for backward compatibility only. It assumes that
        some part of the dotted name is a package, and the rest is an object
        somewhere within that package, possibly nested inside other objects.
        Because the place where the package stops and the object hierarchy starts
        can't be inferred by inspection, repeated attempts to import must be done
        with this form.
    
        In the second form, the caller makes the division point clear through the
        provision of a single colon: the dotted name to the left of the colon is a
        package to be imported, and the dotted name to the right is the object
        hierarchy within that package. Only one import is needed in this form. If
        it ends with the colon, then a module object is returned.
    
        The function will return an object (which might be a module), or raise one
        of the following exceptions:
    
        ValueError - if `name` isn't in a recognised format
        ImportError - if an import failed when it shouldn't have
        AttributeError - if a failure occurred when traversing the object hierarchy
                         within the imported package to get to the desired object.
        """
        global _NAME_PATTERN
        if _NAME_PATTERN is None:
            # Lazy import to speedup Python startup time
            import re
            dotted_words = r'(?!\d)(\w+)(\.(?!\d)(\w+))*'
            _NAME_PATTERN = re.compile(f'^(?P<pkg>{dotted_words})'
                                       f'(?P<cln>:(?P<obj>{dotted_words})?)?$',
                                       re.UNICODE)
    
        m = _NAME_PATTERN.match(name)
        if not m:
            raise ValueError(f'invalid format: {name!r}')
        gd = m.groupdict()
        if gd.get('cln'):
            # there is a colon - a one-step import is all that's needed
            mod = importlib.import_module(gd['pkg'])
            parts = gd.get('obj')
            parts = parts.split('.') if parts else []
        else:
            # no colon - have to iterate to find the package boundary
            parts = name.split('.')
            modname = parts.pop(0)
            # first part *must* be a module/package.
            mod = importlib.import_module(modname)
            while parts:
                p = parts[0]
                s = f'{modname}.{p}'
                try:
                    mod = importlib.import_module(s)
                    parts.pop(0)
                    modname = s
                except ImportError:
                    break
        # if we reach this point, mod is the module, already imported, and
        # parts is the list of parts in the object hierarchy to be traversed, or
        # an empty list if just the module is wanted.
        result = mod
        for p in parts:
>           result = getattr(result, p)
E           AttributeError: type object 'Web3' has no attribute 'eth'

/nix/store/clx0mcir7qw8zk36zbr4jra789g3knf6-python3-3.11.10/lib/python3.11/pkgutil.py:715: AttributeError
_______________________________ test_concurrent_transactions ________________________________

blockchain_monitor = <app.utils.blockchain_monitor.BlockchainMonitor object at 0x7f9db681f3d0>

    def test_concurrent_transactions(blockchain_monitor):
        """Test handling multiple transactions simultaneously"""
        transactions = ['0x1234', '0x5678', '0x9abc']
>       with patch('web3.Web3.eth.get_transaction_count') as mock_count:

tests/unit/test_blockchain_monitor.py:65: 
_ _ _ _ _ _ _ _ _ _ _ _ _ _ _ _ _ _ _ _ _ _ _ _ _ _ _ _ _ _ _ _ _ _ _ _ _ _ _ _ _ _ _ _ _ _ _
/nix/store/clx0mcir7qw8zk36zbr4jra789g3knf6-python3-3.11.10/lib/python3.11/unittest/mock.py:1430: in __enter__
    self.target = self.getter()
_ _ _ _ _ _ _ _ _ _ _ _ _ _ _ _ _ _ _ _ _ _ _ _ _ _ _ _ _ _ _ _ _ _ _ _ _ _ _ _ _ _ _ _ _ _ _

name = 'web3.Web3.eth'

    def resolve_name(name):
        """
        Resolve a name to an object.
    
        It is expected that `name` will be a string in one of the following
        formats, where W is shorthand for a valid Python identifier and dot stands
        for a literal period in these pseudo-regexes:
    
        W(.W)*
        W(.W)*:(W(.W)*)?
    
        The first form is intended for backward compatibility only. It assumes that
        some part of the dotted name is a package, and the rest is an object
        somewhere within that package, possibly nested inside other objects.
        Because the place where the package stops and the object hierarchy starts
        can't be inferred by inspection, repeated attempts to import must be done
        with this form.
    
        In the second form, the caller makes the division point clear through the
        provision of a single colon: the dotted name to the left of the colon is a
        package to be imported, and the dotted name to the right is the object
        hierarchy within that package. Only one import is needed in this form. If
        it ends with the colon, then a module object is returned.
    
        The function will return an object (which might be a module), or raise one
        of the following exceptions:
    
        ValueError - if `name` isn't in a recognised format
        ImportError - if an import failed when it shouldn't have
        AttributeError - if a failure occurred when traversing the object hierarchy
                         within the imported package to get to the desired object.
        """
        global _NAME_PATTERN
        if _NAME_PATTERN is None:
            # Lazy import to speedup Python startup time
            import re
            dotted_words = r'(?!\d)(\w+)(\.(?!\d)(\w+))*'
            _NAME_PATTERN = re.compile(f'^(?P<pkg>{dotted_words})'
                                       f'(?P<cln>:(?P<obj>{dotted_words})?)?$',
                                       re.UNICODE)
    
        m = _NAME_PATTERN.match(name)
        if not m:
            raise ValueError(f'invalid format: {name!r}')
        gd = m.groupdict()
        if gd.get('cln'):
            # there is a colon - a one-step import is all that's needed
            mod = importlib.import_module(gd['pkg'])
            parts = gd.get('obj')
            parts = parts.split('.') if parts else []
        else:
            # no colon - have to iterate to find the package boundary
            parts = name.split('.')
            modname = parts.pop(0)
            # first part *must* be a module/package.
            mod = importlib.import_module(modname)
            while parts:
                p = parts[0]
                s = f'{modname}.{p}'
                try:
                    mod = importlib.import_module(s)
                    parts.pop(0)
                    modname = s
                except ImportError:
                    break
        # if we reach this point, mod is the module, already imported, and
        # parts is the list of parts in the object hierarchy to be traversed, or
        # an empty list if just the module is wanted.
        result = mod
        for p in parts:
>           result = getattr(result, p)
E           AttributeError: type object 'Web3' has no attribute 'eth'

/nix/store/clx0mcir7qw8zk36zbr4jra789g3knf6-python3-3.11.10/lib/python3.11/pkgutil.py:715: AttributeError
_____________________________________ test_empty_block ______________________________________

web3_mock = <Mock id='140315350049040'>

    @pytest.mark.asyncio
    async def test_empty_block(web3_mock):
        """Test handling of empty blocks"""
        monitor = BlockchainMonitor(web3_mock)
>       with patch('web3.Web3.eth.get_block') as mock_block:

tests/unit/test_blockchain_monitor.py:73: 
_ _ _ _ _ _ _ _ _ _ _ _ _ _ _ _ _ _ _ _ _ _ _ _ _ _ _ _ _ _ _ _ _ _ _ _ _ _ _ _ _ _ _ _ _ _ _
/nix/store/clx0mcir7qw8zk36zbr4jra789g3knf6-python3-3.11.10/lib/python3.11/unittest/mock.py:1430: in __enter__
    self.target = self.getter()
_ _ _ _ _ _ _ _ _ _ _ _ _ _ _ _ _ _ _ _ _ _ _ _ _ _ _ _ _ _ _ _ _ _ _ _ _ _ _ _ _ _ _ _ _ _ _

name = 'web3.Web3.eth'

    def resolve_name(name):
        """
        Resolve a name to an object.
    
        It is expected that `name` will be a string in one of the following
        formats, where W is shorthand for a valid Python identifier and dot stands
        for a literal period in these pseudo-regexes:
    
        W(.W)*
        W(.W)*:(W(.W)*)?
    
        The first form is intended for backward compatibility only. It assumes that
        some part of the dotted name is a package, and the rest is an object
        somewhere within that package, possibly nested inside other objects.
        Because the place where the package stops and the object hierarchy starts
        can't be inferred by inspection, repeated attempts to import must be done
        with this form.
    
        In the second form, the caller makes the division point clear through the
        provision of a single colon: the dotted name to the left of the colon is a
        package to be imported, and the dotted name to the right is the object
        hierarchy within that package. Only one import is needed in this form. If
        it ends with the colon, then a module object is returned.
    
        The function will return an object (which might be a module), or raise one
        of the following exceptions:
    
        ValueError - if `name` isn't in a recognised format
        ImportError - if an import failed when it shouldn't have
        AttributeError - if a failure occurred when traversing the object hierarchy
                         within the imported package to get to the desired object.
        """
        global _NAME_PATTERN
        if _NAME_PATTERN is None:
            # Lazy import to speedup Python startup time
            import re
            dotted_words = r'(?!\d)(\w+)(\.(?!\d)(\w+))*'
            _NAME_PATTERN = re.compile(f'^(?P<pkg>{dotted_words})'
                                       f'(?P<cln>:(?P<obj>{dotted_words})?)?$',
                                       re.UNICODE)
    
        m = _NAME_PATTERN.match(name)
        if not m:
            raise ValueError(f'invalid format: {name!r}')
        gd = m.groupdict()
        if gd.get('cln'):
            # there is a colon - a one-step import is all that's needed
            mod = importlib.import_module(gd['pkg'])
            parts = gd.get('obj')
            parts = parts.split('.') if parts else []
        else:
            # no colon - have to iterate to find the package boundary
            parts = name.split('.')
            modname = parts.pop(0)
            # first part *must* be a module/package.
            mod = importlib.import_module(modname)
            while parts:
                p = parts[0]
                s = f'{modname}.{p}'
                try:
                    mod = importlib.import_module(s)
                    parts.pop(0)
                    modname = s
                except ImportError:
                    break
        # if we reach this point, mod is the module, already imported, and
        # parts is the list of parts in the object hierarchy to be traversed, or
        # an empty list if just the module is wanted.
        result = mod
        for p in parts:
>           result = getattr(result, p)
E           AttributeError: type object 'Web3' has no attribute 'eth'

/nix/store/clx0mcir7qw8zk36zbr4jra789g3knf6-python3-3.11.10/lib/python3.11/pkgutil.py:715: AttributeError
________________________________ test_malformed_transaction _________________________________

web3_mock = <Mock id='140315349961424'>

    @pytest.mark.asyncio
    async def test_malformed_transaction(web3_mock):
        """Test handling of malformed transaction data"""
        monitor = BlockchainMonitor(web3_mock)
>       with patch('web3.Web3.eth.get_transaction') as mock_tx:

tests/unit/test_blockchain_monitor.py:83: 
_ _ _ _ _ _ _ _ _ _ _ _ _ _ _ _ _ _ _ _ _ _ _ _ _ _ _ _ _ _ _ _ _ _ _ _ _ _ _ _ _ _ _ _ _ _ _
/nix/store/clx0mcir7qw8zk36zbr4jra789g3knf6-python3-3.11.10/lib/python3.11/unittest/mock.py:1430: in __enter__
    self.target = self.getter()
_ _ _ _ _ _ _ _ _ _ _ _ _ _ _ _ _ _ _ _ _ _ _ _ _ _ _ _ _ _ _ _ _ _ _ _ _ _ _ _ _ _ _ _ _ _ _

name = 'web3.Web3.eth'

    def resolve_name(name):
        """
        Resolve a name to an object.
    
        It is expected that `name` will be a string in one of the following
        formats, where W is shorthand for a valid Python identifier and dot stands
        for a literal period in these pseudo-regexes:
    
        W(.W)*
        W(.W)*:(W(.W)*)?
    
        The first form is intended for backward compatibility only. It assumes that
        some part of the dotted name is a package, and the rest is an object
        somewhere within that package, possibly nested inside other objects.
        Because the place where the package stops and the object hierarchy starts
        can't be inferred by inspection, repeated attempts to import must be done
        with this form.
    
        In the second form, the caller makes the division point clear through the
        provision of a single colon: the dotted name to the left of the colon is a
        package to be imported, and the dotted name to the right is the object
        hierarchy within that package. Only one import is needed in this form. If
        it ends with the colon, then a module object is returned.
    
        The function will return an object (which might be a module), or raise one
        of the following exceptions:
    
        ValueError - if `name` isn't in a recognised format
        ImportError - if an import failed when it shouldn't have
        AttributeError - if a failure occurred when traversing the object hierarchy
                         within the imported package to get to the desired object.
        """
        global _NAME_PATTERN
        if _NAME_PATTERN is None:
            # Lazy import to speedup Python startup time
            import re
            dotted_words = r'(?!\d)(\w+)(\.(?!\d)(\w+))*'
            _NAME_PATTERN = re.compile(f'^(?P<pkg>{dotted_words})'
                                       f'(?P<cln>:(?P<obj>{dotted_words})?)?$',
                                       re.UNICODE)
    
        m = _NAME_PATTERN.match(name)
        if not m:
            raise ValueError(f'invalid format: {name!r}')
        gd = m.groupdict()
        if gd.get('cln'):
            # there is a colon - a one-step import is all that's needed
            mod = importlib.import_module(gd['pkg'])
            parts = gd.get('obj')
            parts = parts.split('.') if parts else []
        else:
            # no colon - have to iterate to find the package boundary
            parts = name.split('.')
            modname = parts.pop(0)
            # first part *must* be a module/package.
            mod = importlib.import_module(modname)
            while parts:
                p = parts[0]
                s = f'{modname}.{p}'
                try:
                    mod = importlib.import_module(s)
                    parts.pop(0)
                    modname = s
                except ImportError:
                    break
        # if we reach this point, mod is the module, already imported, and
        # parts is the list of parts in the object hierarchy to be traversed, or
        # an empty list if just the module is wanted.
        result = mod
        for p in parts:
>           result = getattr(result, p)
E           AttributeError: type object 'Web3' has no attribute 'eth'

/nix/store/clx0mcir7qw8zk36zbr4jra789g3knf6-python3-3.11.10/lib/python3.11/pkgutil.py:715: AttributeError
__________________________________ test_extreme_gas_prices __________________________________

blockchain_monitor = <app.utils.blockchain_monitor.BlockchainMonitor object at 0x7f9db6949910>

    def test_extreme_gas_prices(blockchain_monitor):
        """Test handling of extreme gas prices"""
        test_cases = [
            (0, True),  # Gas price zero
            (1_000_000_000_000_000, False),  # Gas price estremo
            (10, True)  # Prezzo del gas nella norma
        ]
        for price, expected in test_cases:
            with patch.object(blockchain_monitor.w3.eth, 'gas_price', return_value=price):
>               assert blockchain_monitor.is_gas_price_acceptable() == expected
E               assert False == True
E                +  where False = <bound method BlockchainMonitor.is_gas_price_acceptable of <app.utils.blockchain_monitor.BlockchainMonitor object at 0x7f9db6949910>>()
E                +    where <bound method BlockchainMonitor.is_gas_price_acceptable of <app.utils.blockchain_monitor.BlockchainMonitor object at 0x7f9db6949910>> = <app.utils.blockchain_monitor.BlockchainMonitor object at 0x7f9db6949910>.is_gas_price_acceptable

tests/unit/test_blockchain_monitor.py:98: AssertionError
------------------------------------- Captured log call -------------------------------------
ERROR    app.utils.blockchain_monitor:blockchain_monitor.py:35 Error checking gas price: '<' not supported between instances of 'MagicMock' and 'int'
___________________________________ test_network_timeout ____________________________________

web3_mock = <Mock id='140315349786256'>

    @pytest.mark.asyncio
    async def test_network_timeout(web3_mock):
        """Test handling of network timeouts"""
        monitor = BlockchainMonitor(web3_mock)
>       with patch('web3.Web3.eth.get_block') as mock_block:

tests/unit/test_blockchain_monitor.py:104: 
_ _ _ _ _ _ _ _ _ _ _ _ _ _ _ _ _ _ _ _ _ _ _ _ _ _ _ _ _ _ _ _ _ _ _ _ _ _ _ _ _ _ _ _ _ _ _
/nix/store/clx0mcir7qw8zk36zbr4jra789g3knf6-python3-3.11.10/lib/python3.11/unittest/mock.py:1430: in __enter__
    self.target = self.getter()
_ _ _ _ _ _ _ _ _ _ _ _ _ _ _ _ _ _ _ _ _ _ _ _ _ _ _ _ _ _ _ _ _ _ _ _ _ _ _ _ _ _ _ _ _ _ _

name = 'web3.Web3.eth'

    def resolve_name(name):
        """
        Resolve a name to an object.
    
        It is expected that `name` will be a string in one of the following
        formats, where W is shorthand for a valid Python identifier and dot stands
        for a literal period in these pseudo-regexes:
    
        W(.W)*
        W(.W)*:(W(.W)*)?
    
        The first form is intended for backward compatibility only. It assumes that
        some part of the dotted name is a package, and the rest is an object
        somewhere within that package, possibly nested inside other objects.
        Because the place where the package stops and the object hierarchy starts
        can't be inferred by inspection, repeated attempts to import must be done
        with this form.
    
        In the second form, the caller makes the division point clear through the
        provision of a single colon: the dotted name to the left of the colon is a
        package to be imported, and the dotted name to the right is the object
        hierarchy within that package. Only one import is needed in this form. If
        it ends with the colon, then a module object is returned.
    
        The function will return an object (which might be a module), or raise one
        of the following exceptions:
    
        ValueError - if `name` isn't in a recognised format
        ImportError - if an import failed when it shouldn't have
        AttributeError - if a failure occurred when traversing the object hierarchy
                         within the imported package to get to the desired object.
        """
        global _NAME_PATTERN
        if _NAME_PATTERN is None:
            # Lazy import to speedup Python startup time
            import re
            dotted_words = r'(?!\d)(\w+)(\.(?!\d)(\w+))*'
            _NAME_PATTERN = re.compile(f'^(?P<pkg>{dotted_words})'
                                       f'(?P<cln>:(?P<obj>{dotted_words})?)?$',
                                       re.UNICODE)
    
        m = _NAME_PATTERN.match(name)
        if not m:
            raise ValueError(f'invalid format: {name!r}')
        gd = m.groupdict()
        if gd.get('cln'):
            # there is a colon - a one-step import is all that's needed
            mod = importlib.import_module(gd['pkg'])
            parts = gd.get('obj')
            parts = parts.split('.') if parts else []
        else:
            # no colon - have to iterate to find the package boundary
            parts = name.split('.')
            modname = parts.pop(0)
            # first part *must* be a module/package.
            mod = importlib.import_module(modname)
            while parts:
                p = parts[0]
                s = f'{modname}.{p}'
                try:
                    mod = importlib.import_module(s)
                    parts.pop(0)
                    modname = s
                except ImportError:
                    break
        # if we reach this point, mod is the module, already imported, and
        # parts is the list of parts in the object hierarchy to be traversed, or
        # an empty list if just the module is wanted.
        result = mod
        for p in parts:
>           result = getattr(result, p)
E           AttributeError: type object 'Web3' has no attribute 'eth'

/nix/store/clx0mcir7qw8zk36zbr4jra789g3knf6-python3-3.11.10/lib/python3.11/pkgutil.py:715: AttributeError
================================== short test summary info ==================================
FAILED tests/unit/test_blockchain_monitor.py::test_basic_monitoring - AttributeError: type object 'Web3' has no attribute 'eth'
FAILED tests/unit/test_blockchain_monitor.py::test_network_interruption - AttributeError: type object 'Web3' has no attribute 'eth'
FAILED tests/unit/test_blockchain_monitor.py::test_invalid_transaction - AttributeError: type object 'Web3' has no attribute 'eth'
FAILED tests/unit/test_blockchain_monitor.py::test_concurrent_transactions - AttributeError: type object 'Web3' has no attribute 'eth'
FAILED tests/unit/test_blockchain_monitor.py::test_empty_block - AttributeError: type object 'Web3' has no attribute 'eth'
FAILED tests/unit/test_blockchain_monitor.py::test_malformed_transaction - AttributeError: type object 'Web3' has no attribute 'eth'
FAILED tests/unit/test_blockchain_monitor.py::test_extreme_gas_prices - assert False == True
FAILED tests/unit/test_blockchain_monitor.py::test_network_timeout - AttributeError: type object 'Web3' has no attribute 'eth'
========================== 8 failed, 2 passed, 2 warnings in 0.73s ==========================
~/workspace$ 