~/gold-investment-backend$ python -m pytest tests/test_blockchain_service.py -v --asyncio-mode=auto
================================================= test session starts ==================================================
platform linux -- Python 3.11.10, pytest-7.4.2, pluggy-1.5.0 -- /home/runner/gold-investment-backend/.pythonlibs/bin/python
cachedir: .pytest_cache
rootdir: /home/runner/gold-investment-backend
configfile: pyproject.toml
plugins: mock-3.14.0, asyncio-0.21.1, web3-6.9.0
asyncio: mode=Mode.AUTO
collected 0 items / 1 error                                                                                            

======================================================== ERRORS ========================================================
__________________________________ ERROR collecting tests/test_blockchain_service.py ___________________________________
ImportError while importing test module '/home/runner/gold-investment-backend/tests/test_blockchain_service.py'.
Hint: make sure your test modules/packages have valid Python names.
Traceback:
.pythonlibs/lib/python3.11/site-packages/_pytest/python.py:617: in _importtestmodule
    mod = import_path(self.path, mode=importmode, root=self.config.rootpath)
.pythonlibs/lib/python3.11/site-packages/_pytest/pathlib.py:567: in import_path
    importlib.import_module(module_name)
/nix/store/clx0mcir7qw8zk36zbr4jra789g3knf6-python3-3.11.10/lib/python3.11/importlib/__init__.py:126: in import_module
    return _bootstrap._gcd_import(name[level:], package, level)
<frozen importlib._bootstrap>:1204: in _gcd_import
    ???
<frozen importlib._bootstrap>:1176: in _find_and_load
    ???
<frozen importlib._bootstrap>:1147: in _find_and_load_unlocked
    ???
<frozen importlib._bootstrap>:690: in _load_unlocked
    ???
.pythonlibs/lib/python3.11/site-packages/_pytest/assertion/rewrite.py:178: in exec_module
    exec(co, module.__dict__)
tests/test_blockchain_service.py:5: in <module>
    from app.services.blockchain_service import BlockchainService
app/services/blockchain_service.py:7: in <module>
    from app.utils.retry import retry_with_backoff
E   ImportError: cannot import name 'retry_with_backoff' from 'app.utils.retry' (/home/runner/gold-investment-backend/app/utils/retry.py)
=============================================== short test summary info ================================================
ERROR tests/test_blockchain_service.py
!!!!!!!!!!!!!!!!!!!!!!!!!!!!!!!!!!!!!!!! Interrupted: 1 error during collection !!!!!!!!!!!!!!!!!!!!!!!!!!!!!!!!!!!!!!!!
=================================================== 1 error in 0.21s ===================================================
~/gold-investment-backend$ 