~/workspace$ python -m pytest tests/ -v --disable-warnings
==================================== test session starts ====================================
platform linux -- Python 3.11.10, pytest-8.1.1, pluggy-1.4.0 -- /home/runner/workspace/.pythonlibs/bin/python
cachedir: .pytest_cache
rootdir: /home/runner/workspace/tests
configfile: pytest.ini
plugins: asyncio-0.23.6, mock-3.14.0, cov-4.1.0, web3-6.11.3
asyncio: mode=Mode.AUTO
collected 61 items / 2 errors                                                               

========================================== ERRORS ===========================================
______________________ ERROR collecting performance/test_monitoring.py ______________________
tests/performance/test_monitoring.py:30: in <module>
    @monitor_performance
E   TypeError: monitor_performance() takes 0 positional arguments but 1 was given
_____________________ ERROR collecting unit/test_blockchain_monitor.py ______________________
ImportError while importing test module '/home/runner/workspace/tests/unit/test_blockchain_monitor.py'.
Hint: make sure your test modules/packages have valid Python names.
Traceback:
/nix/store/clx0mcir7qw8zk36zbr4jra789g3knf6-python3-3.11.10/lib/python3.11/importlib/__init__.py:126: in import_module
    return _bootstrap._gcd_import(name[level:], package, level)
tests/unit/test_blockchain_monitor.py:3: in <module>
    from app.utils.monitoring.blockchain_monitor import BlockchainMonitor
E   ModuleNotFoundError: No module named 'app.utils.monitoring.blockchain_monitor'
================================== short test summary info ==================================
ERROR tests/performance/test_monitoring.py - TypeError: monitor_performance() takes 0 positional arguments but 1 was given
ERROR tests/unit/test_blockchain_monitor.py
!!!!!!!!!!!!!!!!!!!!!!!!!! Interrupted: 2 errors during collection !!!!!!!!!!!!!!!!!!!!!!!!!!
=============================== 5 warnings, 2 errors in 0.32s ===============================
~/workspace$ 