~/workspace$ python -m pytest tests/ --disable-warnings -v
==================================== test session starts ====================================
platform linux -- Python 3.11.10, pytest-8.1.1, pluggy-1.4.0 -- /home/runner/workspace/.pythonlibs/bin/python
cachedir: .pytest_cache
rootdir: /home/runner/workspace/tests
configfile: pytest.ini
plugins: asyncio-0.23.6, mock-3.14.0, cov-4.1.0, web3-6.11.3
asyncio: mode=Mode.AUTO
collected 31 items / 4 errors                                                               

========================================== ERRORS ===========================================
______________________ ERROR collecting integration/test_blockchain.py ______________________
/nix/store/59clyj18mvjxbkig5z76m0b40pxkxkfq-python3.11-pytest-8.1.1/lib/python3.11/site-packages/_pytest/python.py:520: in importtestmodule
    mod = import_path(
/nix/store/59clyj18mvjxbkig5z76m0b40pxkxkfq-python3.11-pytest-8.1.1/lib/python3.11/site-packages/_pytest/pathlib.py:584: in import_path
    importlib.import_module(module_name)
/nix/store/clx0mcir7qw8zk36zbr4jra789g3knf6-python3-3.11.10/lib/python3.11/importlib/__init__.py:126: in import_module
    return _bootstrap._gcd_import(name[level:], package, level)
<frozen importlib._bootstrap>:1204: in _gcd_import
    ???
<frozen importlib._bootstrap>:1176: in _find_and_load
    ???
<frozen importlib._bootstrap>:1147: in _find_and_load_unlocked
    ???
<frozen importlib._bootstrap>:690: in _load_unlocked
    ???
/nix/store/59clyj18mvjxbkig5z76m0b40pxkxkfq-python3.11-pytest-8.1.1/lib/python3.11/site-packages/_pytest/assertion/rewrite.py:178: in exec_module
    exec(co, module.__dict__)
tests/integration/test_blockchain.py:3: in <module>
    from app.services.blockchain_service import BlockchainService
app/services/__init__.py:2: in <module>
    from .accounting_service import AccountingService
E     File "/home/runner/workspace/app/services/accounting_service.py", line 69
E       }class AccountingService:
E        ^^^^^
E   SyntaxError: invalid syntax
_________________________ ERROR collecting performance/test_load.py _________________________
/nix/store/59clyj18mvjxbkig5z76m0b40pxkxkfq-python3.11-pytest-8.1.1/lib/python3.11/site-packages/_pytest/python.py:520: in importtestmodule
    mod = import_path(
/nix/store/59clyj18mvjxbkig5z76m0b40pxkxkfq-python3.11-pytest-8.1.1/lib/python3.11/site-packages/_pytest/pathlib.py:584: in import_path
    importlib.import_module(module_name)
/nix/store/clx0mcir7qw8zk36zbr4jra789g3knf6-python3-3.11.10/lib/python3.11/importlib/__init__.py:126: in import_module
    return _bootstrap._gcd_import(name[level:], package, level)
<frozen importlib._bootstrap>:1204: in _gcd_import
    ???
<frozen importlib._bootstrap>:1176: in _find_and_load
    ???
<frozen importlib._bootstrap>:1147: in _find_and_load_unlocked
    ???
<frozen importlib._bootstrap>:690: in _load_unlocked
    ???
/nix/store/59clyj18mvjxbkig5z76m0b40pxkxkfq-python3.11-pytest-8.1.1/lib/python3.11/site-packages/_pytest/assertion/rewrite.py:178: in exec_module
    exec(co, module.__dict__)
tests/performance/test_load.py:4: in <module>
    from app.services.transformation_service import TransformationService
app/services/__init__.py:2: in <module>
    from .accounting_service import AccountingService
E     File "/home/runner/workspace/app/services/accounting_service.py", line 69
E       }class AccountingService:
E        ^^^^^
E   SyntaxError: invalid syntax
________________________ ERROR collecting unit/test_bonus_service.py ________________________
/nix/store/59clyj18mvjxbkig5z76m0b40pxkxkfq-python3.11-pytest-8.1.1/lib/python3.11/site-packages/_pytest/python.py:520: in importtestmodule
    mod = import_path(
/nix/store/59clyj18mvjxbkig5z76m0b40pxkxkfq-python3.11-pytest-8.1.1/lib/python3.11/site-packages/_pytest/pathlib.py:584: in import_path
    importlib.import_module(module_name)
/nix/store/clx0mcir7qw8zk36zbr4jra789g3knf6-python3-3.11.10/lib/python3.11/importlib/__init__.py:126: in import_module
    return _bootstrap._gcd_import(name[level:], package, level)
<frozen importlib._bootstrap>:1204: in _gcd_import
    ???
<frozen importlib._bootstrap>:1176: in _find_and_load
    ???
<frozen importlib._bootstrap>:1147: in _find_and_load_unlocked
    ???
<frozen importlib._bootstrap>:690: in _load_unlocked
    ???
/nix/store/59clyj18mvjxbkig5z76m0b40pxkxkfq-python3.11-pytest-8.1.1/lib/python3.11/site-packages/_pytest/assertion/rewrite.py:178: in exec_module
    exec(co, module.__dict__)
tests/unit/test_bonus_service.py:7: in <module>
    from app.services.bonus_distribution_service import BonusDistributionService
app/services/__init__.py:2: in <module>
    from .accounting_service import AccountingService
E     File "/home/runner/workspace/app/services/accounting_service.py", line 69
E       }class AccountingService:
E        ^^^^^
E   SyntaxError: invalid syntax
_______________________ ERROR collecting unit/test_transformation.py ________________________
/nix/store/59clyj18mvjxbkig5z76m0b40pxkxkfq-python3.11-pytest-8.1.1/lib/python3.11/site-packages/_pytest/python.py:520: in importtestmodule
    mod = import_path(
/nix/store/59clyj18mvjxbkig5z76m0b40pxkxkfq-python3.11-pytest-8.1.1/lib/python3.11/site-packages/_pytest/pathlib.py:584: in import_path
    importlib.import_module(module_name)
/nix/store/clx0mcir7qw8zk36zbr4jra789g3knf6-python3-3.11.10/lib/python3.11/importlib/__init__.py:126: in import_module
    return _bootstrap._gcd_import(name[level:], package, level)
<frozen importlib._bootstrap>:1204: in _gcd_import
    ???
<frozen importlib._bootstrap>:1176: in _find_and_load
    ???
<frozen importlib._bootstrap>:1147: in _find_and_load_unlocked
    ???
<frozen importlib._bootstrap>:690: in _load_unlocked
    ???
/nix/store/59clyj18mvjxbkig5z76m0b40pxkxkfq-python3.11-pytest-8.1.1/lib/python3.11/site-packages/_pytest/assertion/rewrite.py:178: in exec_module
    exec(co, module.__dict__)
tests/unit/test_transformation.py:4: in <module>
    from app.services.transformation_service import TransformationService
app/services/__init__.py:2: in <module>
    from .accounting_service import AccountingService
E     File "/home/runner/workspace/app/services/accounting_service.py", line 69
E       }class AccountingService:
E        ^^^^^
E   SyntaxError: invalid syntax
================================== short test summary info ==================================
ERROR tests/integration/test_blockchain.py
ERROR tests/performance/test_load.py
ERROR tests/unit/test_bonus_service.py
ERROR tests/unit/test_transformation.py
!!!!!!!!!!!!!!!!!!!!!!!!!! Interrupted: 4 errors during collection !!!!!!!!!!!!!!!!!!!!!!!!!!
=============================== 2 warnings, 4 errors in 1.12s ===============================
~/workspace$ 